2023-06-04 14:16:14.435 5363 [        main] - INFO             kr.gsc.gold_cave.ws.Application   55 : Starting Application using Java 11.0.13 on appleui-MacBookPro-5.local with PID 5363 (/Users/youngrackchoi/Desktop/프로젝트/projectBase/gold-cave.ws/target/classes started by youngrackchoi in /Users/youngrackchoi/Desktop/프로젝트/projectBase/gold-cave.ws)
2023-06-04 14:16:14.437 5363 [        main] - DEBUG            kr.gsc.gold_cave.ws.Application   56 : Running with Spring Boot v2.7.10, Spring v5.3.26
2023-06-04 14:16:14.437 5363 [        main] - INFO             kr.gsc.gold_cave.ws.Application  631 : No active profile set, falling back to 1 default profile: "default"
2023-06-04 14:16:15.189 5363 [        main] - INFO  o.s.c.s.PostProcessorRegistrationDelegate$BeanPostProcessorChecker  376 : Bean 'org.springframework.ws.config.annotation.DelegatingWsConfiguration' of type [org.springframework.ws.config.annotation.DelegatingWsConfiguration$$EnhancerBySpringCGLIB$$16de5d31] is not eligible for getting processed by all BeanPostProcessors (for example: not eligible for auto-proxying)
2023-06-04 14:16:15.222 5363 [        main] - INFO  o.s.w.s.a.s.AnnotationActionEndpointMapping  239 : Supporting [WS-Addressing August 2004, WS-Addressing 1.0]
2023-06-04 14:16:15.433 5363 [        main] - DEBUG       k.g.g.w.c.ApplicationConfiguration$1   81 : Code archive: /Users/youngrackchoi/.m2/repository/org/springframework/boot/spring-boot/2.7.10/spring-boot-2.7.10.jar
2023-06-04 14:16:15.433 5363 [        main] - DEBUG       k.g.g.w.c.ApplicationConfiguration$1  125 : Code archive: /Users/youngrackchoi/.m2/repository/org/springframework/boot/spring-boot/2.7.10/spring-boot-2.7.10.jar
2023-06-04 14:16:15.433 5363 [        main] - DEBUG       k.g.g.w.c.ApplicationConfiguration$1  149 : None of the document roots [src/main/webapp, public, static] point to a directory and will be ignored.
2023-06-04 14:16:15.451 5363 [        main] - INFO   o.s.b.web.embedded.tomcat.TomcatWebServer  108 : Tomcat initialized with port(s): 8080 (http)
2023-06-04 14:16:15.457 5363 [        main] - INFO  org.apache.coyote.http11.Http11NioProtocol  173 : Initializing ProtocolHandler ["http-nio-8080"]
2023-06-04 14:16:15.458 5363 [        main] - INFO    org.apache.catalina.core.StandardService  173 : Starting service [Tomcat]
2023-06-04 14:16:15.458 5363 [        main] - INFO     org.apache.catalina.core.StandardEngine  173 : Starting Servlet engine: [Apache Tomcat/9.0.73]
2023-06-04 14:16:15.560 5363 [        main] - INFO          o.a.c.c.C.[Tomcat].[localhost].[/]  173 : Initializing Spring embedded WebApplicationContext
2023-06-04 14:16:15.561 5363 [        main] - INFO  o.s.b.w.s.c.ServletWebServerApplicationContext  292 : Root WebApplicationContext: initialization completed in 1085 ms
2023-06-04 14:16:15.583 5363 [        main] - ERROR o.s.boot.web.embedded.tomcat.TomcatStarter   61 : Error starting Tomcat context. Exception: org.springframework.beans.factory.UnsatisfiedDependencyException. Message: Error creating bean with name 'sessionRepositoryFilterRegistration' defined in class path resource [org/springframework/boot/autoconfigure/session/SessionRepositoryFilterConfiguration.class]: Unsatisfied dependency expressed through method 'sessionRepositoryFilterRegistration' parameter 1; nested exception is org.springframework.beans.factory.UnsatisfiedDependencyException: Error creating bean with name 'org.springframework.session.jdbc.config.annotation.web.http.JdbcHttpSessionConfiguration': Unsatisfied dependency expressed through method 'setHttpSessionIdResolver' parameter 0; nested exception is org.springframework.beans.factory.UnsatisfiedDependencyException: Error creating bean with name 'webSecurityConfiguration' defined in file [/Users/youngrackchoi/Desktop/프로젝트/projectBase/gold-cave.ws/target/classes/kr/gsc/gold_cave/ws/configuration/WebSecurityConfiguration.class]: Unsatisfied dependency expressed through constructor parameter 0; nested exception is org.springframework.beans.factory.UnsatisfiedDependencyException: Error creating bean with name 'userAuthenticationProvider' defined in file [/Users/youngrackchoi/Desktop/프로젝트/projectBase/gold-cave.ws/target/classes/kr/gsc/gold_cave/ws/service/UserAuthenticationProvider.class]: Unsatisfied dependency expressed through constructor parameter 0; nested exception is org.springframework.beans.factory.UnsatisfiedDependencyException: Error creating bean with name 'userService' defined in file [/Users/youngrackchoi/Desktop/프로젝트/projectBase/gold-cave.ws/target/classes/kr/gsc/gold_cave/ws/service/UserService.class]: Unsatisfied dependency expressed through constructor parameter 0; nested exception is org.springframework.beans.factory.UnsatisfiedDependencyException: Error creating bean with name 'userRepository' defined in file [/Users/youngrackchoi/Desktop/프로젝트/projectBase/gold-cave.ws/target/classes/kr/gsc/gold_cave/ws/repository/UserRepository.class]: Unsatisfied dependency expressed through constructor parameter 0; nested exception is org.springframework.beans.factory.NoSuchBeanDefinitionException: No qualifying bean of type 'kr.gsc.gold_cave.ws.repository.mapper.UserMapper' available: expected at least 1 bean which qualifies as autowire candidate. Dependency annotations: {}
2023-06-04 14:16:15.605 5363 [        main] - INFO    org.apache.catalina.core.StandardService  173 : Stopping service [Tomcat]
2023-06-04 14:16:15.620 5363 [        main] - WARN  o.s.b.w.s.c.AnnotationConfigServletWebServerApplicationContext  591 : Exception encountered during context initialization - cancelling refresh attempt: org.springframework.context.ApplicationContextException: Unable to start web server; nested exception is org.springframework.boot.web.server.WebServerException: Unable to start embedded Tomcat
2023-06-04 14:16:15.629 5363 [        main] - INFO  o.s.b.a.l.ConditionEvaluationReportLoggingListener  136 : 

Error starting ApplicationContext. To display the conditions report re-run your application with 'debug' enabled.
2023-06-04 14:16:15.645 5363 [        main] - ERROR     o.s.b.d.LoggingFailureAnalysisReporter   40 : 

***************************
APPLICATION FAILED TO START
***************************

Description:

Parameter 0 of constructor in kr.gsc.gold_cave.ws.repository.UserRepository required a bean of type 'kr.gsc.gold_cave.ws.repository.mapper.UserMapper' that could not be found.


Action:

Consider defining a bean of type 'kr.gsc.gold_cave.ws.repository.mapper.UserMapper' in your configuration.

2023-06-04 14:17:09.399 5402 [        main] - INFO             kr.gsc.gold_cave.ws.Application   55 : Starting Application using Java 11.0.13 on appleui-MacBookPro-5.local with PID 5402 (/Users/youngrackchoi/Desktop/프로젝트/projectBase/gold-cave.ws/target/classes started by youngrackchoi in /Users/youngrackchoi/Desktop/프로젝트/projectBase/gold-cave.ws)
2023-06-04 14:17:09.400 5402 [        main] - DEBUG            kr.gsc.gold_cave.ws.Application   56 : Running with Spring Boot v2.7.10, Spring v5.3.26
2023-06-04 14:17:09.401 5402 [        main] - INFO             kr.gsc.gold_cave.ws.Application  631 : No active profile set, falling back to 1 default profile: "default"
2023-06-04 14:17:10.055 5402 [        main] - INFO  o.s.c.s.PostProcessorRegistrationDelegate$BeanPostProcessorChecker  376 : Bean 'org.springframework.ws.config.annotation.DelegatingWsConfiguration' of type [org.springframework.ws.config.annotation.DelegatingWsConfiguration$$EnhancerBySpringCGLIB$$16de5d31] is not eligible for getting processed by all BeanPostProcessors (for example: not eligible for auto-proxying)
2023-06-04 14:17:10.076 5402 [        main] - INFO  o.s.w.s.a.s.AnnotationActionEndpointMapping  239 : Supporting [WS-Addressing August 2004, WS-Addressing 1.0]
2023-06-04 14:17:10.230 5402 [        main] - DEBUG       k.g.g.w.c.ApplicationConfiguration$1   81 : Code archive: /Users/youngrackchoi/.m2/repository/org/springframework/boot/spring-boot/2.7.10/spring-boot-2.7.10.jar
2023-06-04 14:17:10.231 5402 [        main] - DEBUG       k.g.g.w.c.ApplicationConfiguration$1  125 : Code archive: /Users/youngrackchoi/.m2/repository/org/springframework/boot/spring-boot/2.7.10/spring-boot-2.7.10.jar
2023-06-04 14:17:10.231 5402 [        main] - DEBUG       k.g.g.w.c.ApplicationConfiguration$1  149 : None of the document roots [src/main/webapp, public, static] point to a directory and will be ignored.
2023-06-04 14:17:10.243 5402 [        main] - INFO   o.s.b.web.embedded.tomcat.TomcatWebServer  108 : Tomcat initialized with port(s): 8080 (http)
2023-06-04 14:17:10.249 5402 [        main] - INFO  org.apache.coyote.http11.Http11NioProtocol  173 : Initializing ProtocolHandler ["http-nio-8080"]
2023-06-04 14:17:10.249 5402 [        main] - INFO    org.apache.catalina.core.StandardService  173 : Starting service [Tomcat]
2023-06-04 14:17:10.249 5402 [        main] - INFO     org.apache.catalina.core.StandardEngine  173 : Starting Servlet engine: [Apache Tomcat/9.0.73]
2023-06-04 14:17:10.343 5402 [        main] - INFO          o.a.c.c.C.[Tomcat].[localhost].[/]  173 : Initializing Spring embedded WebApplicationContext
2023-06-04 14:17:10.343 5402 [        main] - INFO  o.s.b.w.s.c.ServletWebServerApplicationContext  292 : Root WebApplicationContext: initialization completed in 911 ms
2023-06-04 14:17:10.364 5402 [        main] - ERROR o.s.boot.web.embedded.tomcat.TomcatStarter   61 : Error starting Tomcat context. Exception: org.springframework.beans.factory.UnsatisfiedDependencyException. Message: Error creating bean with name 'sessionRepositoryFilterRegistration' defined in class path resource [org/springframework/boot/autoconfigure/session/SessionRepositoryFilterConfiguration.class]: Unsatisfied dependency expressed through method 'sessionRepositoryFilterRegistration' parameter 1; nested exception is org.springframework.beans.factory.UnsatisfiedDependencyException: Error creating bean with name 'org.springframework.session.jdbc.config.annotation.web.http.JdbcHttpSessionConfiguration': Unsatisfied dependency expressed through method 'setHttpSessionIdResolver' parameter 0; nested exception is org.springframework.beans.factory.UnsatisfiedDependencyException: Error creating bean with name 'webSecurityConfiguration' defined in file [/Users/youngrackchoi/Desktop/프로젝트/projectBase/gold-cave.ws/target/classes/kr/gsc/gold_cave/ws/configuration/WebSecurityConfiguration.class]: Unsatisfied dependency expressed through constructor parameter 0; nested exception is org.springframework.beans.factory.UnsatisfiedDependencyException: Error creating bean with name 'userAuthenticationProvider' defined in file [/Users/youngrackchoi/Desktop/프로젝트/projectBase/gold-cave.ws/target/classes/kr/gsc/gold_cave/ws/service/UserAuthenticationProvider.class]: Unsatisfied dependency expressed through constructor parameter 0; nested exception is org.springframework.beans.factory.UnsatisfiedDependencyException: Error creating bean with name 'userService' defined in file [/Users/youngrackchoi/Desktop/프로젝트/projectBase/gold-cave.ws/target/classes/kr/gsc/gold_cave/ws/service/UserService.class]: Unsatisfied dependency expressed through constructor parameter 0; nested exception is org.springframework.beans.factory.UnsatisfiedDependencyException: Error creating bean with name 'userRepository' defined in file [/Users/youngrackchoi/Desktop/프로젝트/projectBase/gold-cave.ws/target/classes/kr/gsc/gold_cave/ws/repository/UserRepository.class]: Unsatisfied dependency expressed through constructor parameter 0; nested exception is org.springframework.beans.factory.NoSuchBeanDefinitionException: No qualifying bean of type 'kr.gsc.gold_cave.ws.repository.mapper.UserMapper' available: expected at least 1 bean which qualifies as autowire candidate. Dependency annotations: {}
2023-06-04 14:17:10.380 5402 [        main] - INFO    org.apache.catalina.core.StandardService  173 : Stopping service [Tomcat]
2023-06-04 14:17:10.388 5402 [        main] - WARN  o.s.b.w.s.c.AnnotationConfigServletWebServerApplicationContext  591 : Exception encountered during context initialization - cancelling refresh attempt: org.springframework.context.ApplicationContextException: Unable to start web server; nested exception is org.springframework.boot.web.server.WebServerException: Unable to start embedded Tomcat
2023-06-04 14:17:10.396 5402 [        main] - INFO  o.s.b.a.l.ConditionEvaluationReportLoggingListener  136 : 

Error starting ApplicationContext. To display the conditions report re-run your application with 'debug' enabled.
2023-06-04 14:17:10.413 5402 [        main] - ERROR     o.s.b.d.LoggingFailureAnalysisReporter   40 : 

***************************
APPLICATION FAILED TO START
***************************

Description:

Parameter 0 of constructor in kr.gsc.gold_cave.ws.repository.UserRepository required a bean of type 'kr.gsc.gold_cave.ws.repository.mapper.UserMapper' that could not be found.


Action:

Consider defining a bean of type 'kr.gsc.gold_cave.ws.repository.mapper.UserMapper' in your configuration.

2023-06-04 14:30:12.345 5967 [        main] - INFO             kr.gsc.gold_cave.ws.Application   55 : Starting Application using Java 11.0.13 on appleui-MacBookPro-5.local with PID 5967 (/Users/youngrackchoi/Desktop/프로젝트/projectBase/gold-cave.ws/target/classes started by youngrackchoi in /Users/youngrackchoi/Desktop/프로젝트/projectBase/gold-cave.ws)
2023-06-04 14:30:12.347 5967 [        main] - DEBUG            kr.gsc.gold_cave.ws.Application   56 : Running with Spring Boot v2.7.10, Spring v5.3.26
2023-06-04 14:30:12.348 5967 [        main] - INFO             kr.gsc.gold_cave.ws.Application  631 : No active profile set, falling back to 1 default profile: "default"
2023-06-04 14:30:13.015 5967 [        main] - INFO  o.s.c.s.PostProcessorRegistrationDelegate$BeanPostProcessorChecker  376 : Bean 'org.springframework.ws.config.annotation.DelegatingWsConfiguration' of type [org.springframework.ws.config.annotation.DelegatingWsConfiguration$$EnhancerBySpringCGLIB$$16de5d31] is not eligible for getting processed by all BeanPostProcessors (for example: not eligible for auto-proxying)
2023-06-04 14:30:13.039 5967 [        main] - INFO  o.s.w.s.a.s.AnnotationActionEndpointMapping  239 : Supporting [WS-Addressing August 2004, WS-Addressing 1.0]
2023-06-04 14:30:13.194 5967 [        main] - DEBUG       k.g.g.w.c.ApplicationConfiguration$1   81 : Code archive: /Users/youngrackchoi/.m2/repository/org/springframework/boot/spring-boot/2.7.10/spring-boot-2.7.10.jar
2023-06-04 14:30:13.194 5967 [        main] - DEBUG       k.g.g.w.c.ApplicationConfiguration$1  125 : Code archive: /Users/youngrackchoi/.m2/repository/org/springframework/boot/spring-boot/2.7.10/spring-boot-2.7.10.jar
2023-06-04 14:30:13.194 5967 [        main] - DEBUG       k.g.g.w.c.ApplicationConfiguration$1  149 : None of the document roots [src/main/webapp, public, static] point to a directory and will be ignored.
2023-06-04 14:30:13.206 5967 [        main] - INFO   o.s.b.web.embedded.tomcat.TomcatWebServer  108 : Tomcat initialized with port(s): 8080 (http)
2023-06-04 14:30:13.211 5967 [        main] - INFO  org.apache.coyote.http11.Http11NioProtocol  173 : Initializing ProtocolHandler ["http-nio-8080"]
2023-06-04 14:30:13.212 5967 [        main] - INFO    org.apache.catalina.core.StandardService  173 : Starting service [Tomcat]
2023-06-04 14:30:13.212 5967 [        main] - INFO     org.apache.catalina.core.StandardEngine  173 : Starting Servlet engine: [Apache Tomcat/9.0.73]
2023-06-04 14:30:13.304 5967 [        main] - INFO          o.a.c.c.C.[Tomcat].[localhost].[/]  173 : Initializing Spring embedded WebApplicationContext
2023-06-04 14:30:13.304 5967 [        main] - INFO  o.s.b.w.s.c.ServletWebServerApplicationContext  292 : Root WebApplicationContext: initialization completed in 923 ms
2023-06-04 14:30:13.325 5967 [        main] - ERROR o.s.boot.web.embedded.tomcat.TomcatStarter   61 : Error starting Tomcat context. Exception: org.springframework.beans.factory.UnsatisfiedDependencyException. Message: Error creating bean with name 'sessionRepositoryFilterRegistration' defined in class path resource [org/springframework/boot/autoconfigure/session/SessionRepositoryFilterConfiguration.class]: Unsatisfied dependency expressed through method 'sessionRepositoryFilterRegistration' parameter 1; nested exception is org.springframework.beans.factory.UnsatisfiedDependencyException: Error creating bean with name 'org.springframework.session.jdbc.config.annotation.web.http.JdbcHttpSessionConfiguration': Unsatisfied dependency expressed through method 'setHttpSessionIdResolver' parameter 0; nested exception is org.springframework.beans.factory.UnsatisfiedDependencyException: Error creating bean with name 'webSecurityConfiguration' defined in file [/Users/youngrackchoi/Desktop/프로젝트/projectBase/gold-cave.ws/target/classes/kr/gsc/gold_cave/ws/configuration/WebSecurityConfiguration.class]: Unsatisfied dependency expressed through constructor parameter 0; nested exception is org.springframework.beans.factory.UnsatisfiedDependencyException: Error creating bean with name 'userAuthenticationProvider' defined in file [/Users/youngrackchoi/Desktop/프로젝트/projectBase/gold-cave.ws/target/classes/kr/gsc/gold_cave/ws/service/UserAuthenticationProvider.class]: Unsatisfied dependency expressed through constructor parameter 0; nested exception is org.springframework.beans.factory.UnsatisfiedDependencyException: Error creating bean with name 'userService' defined in file [/Users/youngrackchoi/Desktop/프로젝트/projectBase/gold-cave.ws/target/classes/kr/gsc/gold_cave/ws/service/UserService.class]: Unsatisfied dependency expressed through constructor parameter 0; nested exception is org.springframework.beans.factory.UnsatisfiedDependencyException: Error creating bean with name 'userRepository' defined in file [/Users/youngrackchoi/Desktop/프로젝트/projectBase/gold-cave.ws/target/classes/kr/gsc/gold_cave/ws/repository/UserRepository.class]: Unsatisfied dependency expressed through constructor parameter 0; nested exception is org.springframework.beans.factory.NoSuchBeanDefinitionException: No qualifying bean of type 'kr.gsc.gold_cave.ws.repository.mapper.UserMapper' available: expected at least 1 bean which qualifies as autowire candidate. Dependency annotations: {}
2023-06-04 14:30:13.340 5967 [        main] - INFO    org.apache.catalina.core.StandardService  173 : Stopping service [Tomcat]
2023-06-04 14:30:13.347 5967 [        main] - WARN  o.s.b.w.s.c.AnnotationConfigServletWebServerApplicationContext  591 : Exception encountered during context initialization - cancelling refresh attempt: org.springframework.context.ApplicationContextException: Unable to start web server; nested exception is org.springframework.boot.web.server.WebServerException: Unable to start embedded Tomcat
2023-06-04 14:30:13.355 5967 [        main] - INFO  o.s.b.a.l.ConditionEvaluationReportLoggingListener  136 : 

Error starting ApplicationContext. To display the conditions report re-run your application with 'debug' enabled.
2023-06-04 14:30:13.370 5967 [        main] - ERROR     o.s.b.d.LoggingFailureAnalysisReporter   40 : 

***************************
APPLICATION FAILED TO START
***************************

Description:

Parameter 0 of constructor in kr.gsc.gold_cave.ws.repository.UserRepository required a bean of type 'kr.gsc.gold_cave.ws.repository.mapper.UserMapper' that could not be found.


Action:

Consider defining a bean of type 'kr.gsc.gold_cave.ws.repository.mapper.UserMapper' in your configuration.

2023-06-04 14:35:11.628 6149 [        main] - INFO             kr.gsc.gold_cave.ws.Application   55 : Starting Application using Java 11.0.13 on appleui-MacBookPro-5.local with PID 6149 (/Users/youngrackchoi/Desktop/프로젝트/projectBase/gold-cave.ws/target/classes started by youngrackchoi in /Users/youngrackchoi/Desktop/프로젝트/projectBase/gold-cave.ws)
2023-06-04 14:35:11.630 6149 [        main] - DEBUG            kr.gsc.gold_cave.ws.Application   56 : Running with Spring Boot v2.7.10, Spring v5.3.26
2023-06-04 14:35:11.631 6149 [        main] - INFO             kr.gsc.gold_cave.ws.Application  631 : No active profile set, falling back to 1 default profile: "default"
2023-06-04 14:35:12.240 6149 [        main] - INFO  o.s.c.s.PostProcessorRegistrationDelegate$BeanPostProcessorChecker  376 : Bean 'org.springframework.ws.config.annotation.DelegatingWsConfiguration' of type [org.springframework.ws.config.annotation.DelegatingWsConfiguration$$EnhancerBySpringCGLIB$$9868a966] is not eligible for getting processed by all BeanPostProcessors (for example: not eligible for auto-proxying)
2023-06-04 14:35:12.262 6149 [        main] - INFO  o.s.w.s.a.s.AnnotationActionEndpointMapping  239 : Supporting [WS-Addressing August 2004, WS-Addressing 1.0]
2023-06-04 14:35:12.412 6149 [        main] - DEBUG       k.g.g.w.c.ApplicationConfiguration$1   81 : Code archive: /Users/youngrackchoi/.m2/repository/org/springframework/boot/spring-boot/2.7.10/spring-boot-2.7.10.jar
2023-06-04 14:35:12.413 6149 [        main] - DEBUG       k.g.g.w.c.ApplicationConfiguration$1  125 : Code archive: /Users/youngrackchoi/.m2/repository/org/springframework/boot/spring-boot/2.7.10/spring-boot-2.7.10.jar
2023-06-04 14:35:12.413 6149 [        main] - DEBUG       k.g.g.w.c.ApplicationConfiguration$1  149 : None of the document roots [src/main/webapp, public, static] point to a directory and will be ignored.
2023-06-04 14:35:12.425 6149 [        main] - INFO   o.s.b.web.embedded.tomcat.TomcatWebServer  108 : Tomcat initialized with port(s): 8080 (http)
2023-06-04 14:35:12.431 6149 [        main] - INFO  org.apache.coyote.http11.Http11NioProtocol  173 : Initializing ProtocolHandler ["http-nio-8080"]
2023-06-04 14:35:12.432 6149 [        main] - INFO    org.apache.catalina.core.StandardService  173 : Starting service [Tomcat]
2023-06-04 14:35:12.432 6149 [        main] - INFO     org.apache.catalina.core.StandardEngine  173 : Starting Servlet engine: [Apache Tomcat/9.0.73]
2023-06-04 14:35:12.516 6149 [        main] - INFO          o.a.c.c.C.[Tomcat].[localhost].[/]  173 : Initializing Spring embedded WebApplicationContext
2023-06-04 14:35:12.517 6149 [        main] - INFO  o.s.b.w.s.c.ServletWebServerApplicationContext  292 : Root WebApplicationContext: initialization completed in 854 ms
2023-06-04 14:35:12.544 6149 [        main] - DEBUG            k.g.g.w.c.DatabaseConfiguration   46 : Creating DB DataSource : org.mariadb.jdbc.Driver, jdbc:mariadb://152.70.235.31:3306/basic, onthelive
2023-06-04 14:35:12.816 6149 [        main] - DEBUG         k.g.g.w.r.m.U.selectUsersWhereType  137 : ==>  Preparing: SELECT id, email, password, nickname, type, created_datetime, updated_datetime FROM users WHERE type = ? ORDER BY created_datetime DESC
2023-06-04 14:35:12.829 6149 [        main] - DEBUG         k.g.g.w.r.m.U.selectUsersWhereType  137 : ==> Parameters: Admin(String)
2023-06-04 14:35:12.844 6149 [        main] - TRACE         k.g.g.w.r.m.U.selectUsersWhereType  143 : <==    Columns: id, email, password, nickname, type, created_datetime, updated_datetime
2023-06-04 14:35:12.845 6149 [        main] - TRACE         k.g.g.w.r.m.U.selectUsersWhereType  143 : <==        Row: 2, admin@onthelive.kr, {bcrypt}$2a$10$P6Jk0Q4lFB.LfQGzcHqrReSUchkE5pH1n8929y3IS7QTCZNv.Tgaq, administrator, Admin, 2023-04-12 06:50:11, 2023-04-12 06:50:11
2023-06-04 14:35:12.847 6149 [        main] - DEBUG         k.g.g.w.r.m.U.selectUsersWhereType  137 : <==      Total: 1
2023-06-04 14:35:12.982 6149 [        main] - INFO   k.g.g.ws.controller.InformationController   22 : Appliction Information : kr.gsc.gold_cave.ws 1.0-SNAPSHOT 20201026_1535 #0
2023-06-04 14:35:13.097 6149 [        main] - INFO        o.s.s.web.DefaultSecurityFilterChain   55 : Will secure any request with [org.springframework.security.web.session.DisableEncodeUrlFilter@4264beb8, org.springframework.security.web.context.request.async.WebAsyncManagerIntegrationFilter@647fb583, org.springframework.security.web.context.SecurityContextPersistenceFilter@221b77d7, org.springframework.security.web.header.HeaderWriterFilter@65844c96, org.springframework.security.web.authentication.logout.LogoutFilter@570b2057, org.springframework.security.web.savedrequest.RequestCacheAwareFilter@32a8ca06, org.springframework.security.web.servletapi.SecurityContextHolderAwareRequestFilter@6a5dd083, org.springframework.security.web.authentication.AnonymousAuthenticationFilter@7cd3e0da, org.springframework.security.web.session.SessionManagementFilter@3a0896b3, org.springframework.security.web.access.ExceptionTranslationFilter@c212536, org.springframework.security.web.access.intercept.FilterSecurityInterceptor@72fb989b]
2023-06-04 14:35:13.492 6149 [        main] - INFO  org.apache.coyote.http11.Http11NioProtocol  173 : Starting ProtocolHandler ["http-nio-8080"]
2023-06-04 14:35:13.549 6149 [        main] - INFO   o.s.b.web.embedded.tomcat.TomcatWebServer  220 : Tomcat started on port(s): 8080 (http) with context path ''
2023-06-04 14:35:13.563 6149 [        main] - INFO  o.s.s.a.ScheduledAnnotationBeanPostProcessor  315 : No TaskScheduler/ScheduledExecutorService bean found for scheduled processing
2023-06-04 14:35:13.575 6149 [        main] - INFO             kr.gsc.gold_cave.ws.Application   61 : Started Application in 2.286 seconds (JVM running for 2.798)
2023-06-04 14:36:41.893 6201 [        main] - INFO             kr.gsc.gold_cave.ws.Application   55 : Starting Application using Java 11.0.13 on appleui-MacBookPro-5.local with PID 6201 (/Users/youngrackchoi/Desktop/프로젝트/projectBase/gold-cave.ws/target/classes started by youngrackchoi in /Users/youngrackchoi/Desktop/프로젝트/projectBase/gold-cave.ws)
2023-06-04 14:36:41.895 6201 [        main] - DEBUG            kr.gsc.gold_cave.ws.Application   56 : Running with Spring Boot v2.7.10, Spring v5.3.26
2023-06-04 14:36:41.896 6201 [        main] - INFO             kr.gsc.gold_cave.ws.Application  631 : No active profile set, falling back to 1 default profile: "default"
2023-06-04 14:36:42.604 6201 [        main] - INFO  o.s.c.s.PostProcessorRegistrationDelegate$BeanPostProcessorChecker  376 : Bean 'org.springframework.ws.config.annotation.DelegatingWsConfiguration' of type [org.springframework.ws.config.annotation.DelegatingWsConfiguration$$EnhancerBySpringCGLIB$$16de5d31] is not eligible for getting processed by all BeanPostProcessors (for example: not eligible for auto-proxying)
2023-06-04 14:36:42.627 6201 [        main] - INFO  o.s.w.s.a.s.AnnotationActionEndpointMapping  239 : Supporting [WS-Addressing August 2004, WS-Addressing 1.0]
2023-06-04 14:36:42.806 6201 [        main] - DEBUG       k.g.g.w.c.ApplicationConfiguration$1   81 : Code archive: /Users/youngrackchoi/.m2/repository/org/springframework/boot/spring-boot/2.7.10/spring-boot-2.7.10.jar
2023-06-04 14:36:42.806 6201 [        main] - DEBUG       k.g.g.w.c.ApplicationConfiguration$1  125 : Code archive: /Users/youngrackchoi/.m2/repository/org/springframework/boot/spring-boot/2.7.10/spring-boot-2.7.10.jar
2023-06-04 14:36:42.806 6201 [        main] - DEBUG       k.g.g.w.c.ApplicationConfiguration$1  149 : None of the document roots [src/main/webapp, public, static] point to a directory and will be ignored.
2023-06-04 14:36:42.821 6201 [        main] - INFO   o.s.b.web.embedded.tomcat.TomcatWebServer  108 : Tomcat initialized with port(s): 8080 (http)
2023-06-04 14:36:42.828 6201 [        main] - INFO  org.apache.coyote.http11.Http11NioProtocol  173 : Initializing ProtocolHandler ["http-nio-8080"]
2023-06-04 14:36:42.828 6201 [        main] - INFO    org.apache.catalina.core.StandardService  173 : Starting service [Tomcat]
2023-06-04 14:36:42.828 6201 [        main] - INFO     org.apache.catalina.core.StandardEngine  173 : Starting Servlet engine: [Apache Tomcat/9.0.73]
2023-06-04 14:36:42.925 6201 [        main] - INFO          o.a.c.c.C.[Tomcat].[localhost].[/]  173 : Initializing Spring embedded WebApplicationContext
2023-06-04 14:36:42.925 6201 [        main] - INFO  o.s.b.w.s.c.ServletWebServerApplicationContext  292 : Root WebApplicationContext: initialization completed in 985 ms
2023-06-04 14:36:42.957 6201 [        main] - DEBUG            k.g.g.w.c.DatabaseConfiguration   46 : Creating DB DataSource : org.mariadb.jdbc.Driver, jdbc:mariadb://152.70.235.31:3306/basic, onthelive
2023-06-04 14:36:43.197 6201 [        main] - DEBUG         k.g.g.w.r.m.U.selectUsersWhereType  137 : ==>  Preparing: SELECT id, email, password, nickname, type, created_datetime, updated_datetime FROM users WHERE type = ? ORDER BY created_datetime DESC
2023-06-04 14:36:43.209 6201 [        main] - DEBUG         k.g.g.w.r.m.U.selectUsersWhereType  137 : ==> Parameters: Admin(String)
2023-06-04 14:36:43.226 6201 [        main] - TRACE         k.g.g.w.r.m.U.selectUsersWhereType  143 : <==    Columns: id, email, password, nickname, type, created_datetime, updated_datetime
2023-06-04 14:36:43.226 6201 [        main] - TRACE         k.g.g.w.r.m.U.selectUsersWhereType  143 : <==        Row: 2, admin@onthelive.kr, {bcrypt}$2a$10$P6Jk0Q4lFB.LfQGzcHqrReSUchkE5pH1n8929y3IS7QTCZNv.Tgaq, administrator, Admin, 2023-04-12 06:50:11, 2023-04-12 06:50:11
2023-06-04 14:36:43.228 6201 [        main] - DEBUG         k.g.g.w.r.m.U.selectUsersWhereType  137 : <==      Total: 1
2023-06-04 14:36:43.352 6201 [        main] - INFO   k.g.g.ws.controller.InformationController   22 : Appliction Information : kr.gsc.gold_cave.ws 1.0-SNAPSHOT 20201026_1535 #0
2023-06-04 14:36:43.438 6201 [        main] - INFO        o.s.s.web.DefaultSecurityFilterChain   55 : Will secure any request with [org.springframework.security.web.session.DisableEncodeUrlFilter@597a7afa, org.springframework.security.web.context.request.async.WebAsyncManagerIntegrationFilter@29dcdd1c, org.springframework.security.web.context.SecurityContextPersistenceFilter@5d5d3a5c, org.springframework.security.web.header.HeaderWriterFilter@2755617b, org.springframework.security.web.authentication.logout.LogoutFilter@163e8949, org.springframework.security.web.savedrequest.RequestCacheAwareFilter@7e18ced7, org.springframework.security.web.servletapi.SecurityContextHolderAwareRequestFilter@221b77d7, org.springframework.security.web.authentication.AnonymousAuthenticationFilter@7cdb7fc, org.springframework.security.web.session.SessionManagementFilter@8077c97, org.springframework.security.web.access.ExceptionTranslationFilter@baa9ce4, org.springframework.security.web.access.intercept.FilterSecurityInterceptor@10e56da9]
2023-06-04 14:36:43.720 6201 [        main] - INFO  org.apache.coyote.http11.Http11NioProtocol  173 : Starting ProtocolHandler ["http-nio-8080"]
2023-06-04 14:36:43.771 6201 [        main] - INFO   o.s.b.web.embedded.tomcat.TomcatWebServer  220 : Tomcat started on port(s): 8080 (http) with context path ''
2023-06-04 14:36:43.782 6201 [        main] - INFO  o.s.s.a.ScheduledAnnotationBeanPostProcessor  315 : No TaskScheduler/ScheduledExecutorService bean found for scheduled processing
2023-06-04 14:36:43.789 6201 [        main] - INFO             kr.gsc.gold_cave.ws.Application   61 : Started Application in 2.325 seconds (JVM running for 2.876)
2023-06-04 15:12:31.561 11059 [        main] - INFO             kr.gsc.gold_cave.ws.Application   55 : Starting Application using Java 11.0.13 on appleui-MacBookPro-5.local with PID 11059 (/Users/youngrackchoi/Desktop/프로젝트/projectBase/gold-cave.ws/target/classes started by youngrackchoi in /Users/youngrackchoi/Desktop/프로젝트/projectBase/gold-cave.ws)
2023-06-04 15:12:31.563 11059 [        main] - DEBUG            kr.gsc.gold_cave.ws.Application   56 : Running with Spring Boot v2.7.10, Spring v5.3.26
2023-06-04 15:12:31.564 11059 [        main] - INFO             kr.gsc.gold_cave.ws.Application  631 : No active profile set, falling back to 1 default profile: "default"
2023-06-04 15:12:32.676 11059 [        main] - INFO  o.s.c.s.PostProcessorRegistrationDelegate$BeanPostProcessorChecker  376 : Bean 'org.springframework.ws.config.annotation.DelegatingWsConfiguration' of type [org.springframework.ws.config.annotation.DelegatingWsConfiguration$$EnhancerBySpringCGLIB$$16de5d31] is not eligible for getting processed by all BeanPostProcessors (for example: not eligible for auto-proxying)
2023-06-04 15:12:32.710 11059 [        main] - INFO  o.s.w.s.a.s.AnnotationActionEndpointMapping  239 : Supporting [WS-Addressing August 2004, WS-Addressing 1.0]
2023-06-04 15:12:32.960 11059 [        main] - DEBUG       k.g.g.w.c.ApplicationConfiguration$1   81 : Code archive: /Users/youngrackchoi/.m2/repository/org/springframework/boot/spring-boot/2.7.10/spring-boot-2.7.10.jar
2023-06-04 15:12:32.960 11059 [        main] - DEBUG       k.g.g.w.c.ApplicationConfiguration$1  125 : Code archive: /Users/youngrackchoi/.m2/repository/org/springframework/boot/spring-boot/2.7.10/spring-boot-2.7.10.jar
2023-06-04 15:12:32.960 11059 [        main] - DEBUG       k.g.g.w.c.ApplicationConfiguration$1  149 : None of the document roots [src/main/webapp, public, static] point to a directory and will be ignored.
2023-06-04 15:12:32.980 11059 [        main] - INFO   o.s.b.web.embedded.tomcat.TomcatWebServer  108 : Tomcat initialized with port(s): 8080 (http)
2023-06-04 15:12:32.990 11059 [        main] - INFO  org.apache.coyote.http11.Http11NioProtocol  173 : Initializing ProtocolHandler ["http-nio-8080"]
2023-06-04 15:12:32.991 11059 [        main] - INFO    org.apache.catalina.core.StandardService  173 : Starting service [Tomcat]
2023-06-04 15:12:32.991 11059 [        main] - INFO     org.apache.catalina.core.StandardEngine  173 : Starting Servlet engine: [Apache Tomcat/9.0.73]
2023-06-04 15:12:33.129 11059 [        main] - INFO          o.a.c.c.C.[Tomcat].[localhost].[/]  173 : Initializing Spring embedded WebApplicationContext
2023-06-04 15:12:33.129 11059 [        main] - INFO  o.s.b.w.s.c.ServletWebServerApplicationContext  292 : Root WebApplicationContext: initialization completed in 1508 ms
2023-06-04 15:12:33.175 11059 [        main] - DEBUG            k.g.g.w.c.DatabaseConfiguration   46 : Creating DB DataSource : org.mariadb.jdbc.Driver, jdbc:mariadb://152.70.235.31:3306/basic, onthelive
2023-06-04 15:12:33.508 11059 [        main] - DEBUG         k.g.g.w.r.m.U.selectUsersWhereType  137 : ==>  Preparing: SELECT id, email, password, nickname, type, created_datetime, updated_datetime FROM users WHERE type = ? ORDER BY created_datetime DESC
2023-06-04 15:12:33.525 11059 [        main] - DEBUG         k.g.g.w.r.m.U.selectUsersWhereType  137 : ==> Parameters: Admin(String)
2023-06-04 15:12:33.545 11059 [        main] - TRACE         k.g.g.w.r.m.U.selectUsersWhereType  143 : <==    Columns: id, email, password, nickname, type, created_datetime, updated_datetime
2023-06-04 15:12:33.545 11059 [        main] - TRACE         k.g.g.w.r.m.U.selectUsersWhereType  143 : <==        Row: 2, admin@onthelive.kr, {bcrypt}$2a$10$P6Jk0Q4lFB.LfQGzcHqrReSUchkE5pH1n8929y3IS7QTCZNv.Tgaq, administrator, Admin, 2023-04-12 06:50:11, 2023-04-12 06:50:11
2023-06-04 15:12:33.549 11059 [        main] - DEBUG         k.g.g.w.r.m.U.selectUsersWhereType  137 : <==      Total: 1
2023-06-04 15:12:33.738 11059 [        main] - INFO   k.g.g.ws.controller.InformationController   22 : Appliction Information : kr.gsc.gold_cave.ws 1.0-SNAPSHOT 20201026_1535 #0
2023-06-04 15:12:33.866 11059 [        main] - INFO        o.s.s.web.DefaultSecurityFilterChain   55 : Will secure any request with [org.springframework.security.web.session.DisableEncodeUrlFilter@597a7afa, org.springframework.security.web.context.request.async.WebAsyncManagerIntegrationFilter@29dcdd1c, org.springframework.security.web.context.SecurityContextPersistenceFilter@5d5d3a5c, org.springframework.security.web.header.HeaderWriterFilter@2755617b, org.springframework.security.web.authentication.logout.LogoutFilter@163e8949, org.springframework.security.web.savedrequest.RequestCacheAwareFilter@7e18ced7, org.springframework.security.web.servletapi.SecurityContextHolderAwareRequestFilter@221b77d7, org.springframework.security.web.authentication.AnonymousAuthenticationFilter@7cdb7fc, org.springframework.security.web.session.SessionManagementFilter@8077c97, org.springframework.security.web.access.ExceptionTranslationFilter@baa9ce4, org.springframework.security.web.access.intercept.FilterSecurityInterceptor@10e56da9]
2023-06-04 15:12:34.297 11059 [        main] - INFO  org.apache.coyote.http11.Http11NioProtocol  173 : Starting ProtocolHandler ["http-nio-8080"]
2023-06-04 15:12:34.382 11059 [        main] - INFO   o.s.b.web.embedded.tomcat.TomcatWebServer  220 : Tomcat started on port(s): 8080 (http) with context path ''
2023-06-04 15:12:34.404 11059 [        main] - INFO  o.s.s.a.ScheduledAnnotationBeanPostProcessor  315 : No TaskScheduler/ScheduledExecutorService bean found for scheduled processing
2023-06-04 15:12:34.416 11059 [        main] - INFO             kr.gsc.gold_cave.ws.Application   61 : Started Application in 3.451 seconds (JVM running for 4.214)
